30/11/2013 18:11:20
java.sql.SQLException: Access denied for user 'sql27141'@'epo.ebb.hun.edu.tr' (using password: YES)
30/11/2013 19:58:35
java.sql.SQLException: Access denied for user 'sql27141'@'epo.ebb.hun.edu.tr' (using password: YES)
30/11/2013 21:29:20
java.io.FileNotFoundException: C:\fumera\icons\logo\logo.png (The system cannot find the path specified)
02/12/2013 16:00:55
com.mysql.jdbc.exceptions.jdbc4.CommunicationsException: Communications link failure

The last packet sent successfully to the server was 0 milliseconds ago. The driver has not received any packets from the server.
02/12/2013 16:03:48
java.sql.SQLException: Access denied for user 'sql27141'@'epo.ebb.hun.edu.tr' (using password: YES)
02/12/2013 16:07:35
com.mysql.jdbc.exceptions.jdbc4.CommunicationsException: Communications link failure

The last packet sent successfully to the server was 0 milliseconds ago. The driver has not received any packets from the server.
03/12/2013 17:25:21
java.sql.SQLException: Access denied for user 'sql27141'@'epo.ebb.hun.edu.tr' (using password: YES)
03/12/2013 20:12:05
com.mysql.jdbc.exceptions.jdbc4.MySQLIntegrityConstraintViolationException: Column 'firma' cannot be null
03/12/2013 20:17:05
com.mysql.jdbc.exceptions.jdbc4.MySQLIntegrityConstraintViolationException: Column 'firma' cannot be null
03/12/2013 20:22:28
com.mysql.jdbc.exceptions.jdbc4.MySQLIntegrityConstraintViolationException: Column 'firma' cannot be null
04/12/2013 22:15:27
java.io.FileNotFoundException: \.pdf (Access is denied)
04/12/2013 22:15:29
java.io.FileNotFoundException: \.pdf (Access is denied)
06/12/2013 19:08:18
java.sql.SQLException: Data truncated for column 'urun_durumu' at row 1
06/12/2013 19:21:12
com.mysql.jdbc.exceptions.jdbc4.CommunicationsException: Communications link failure

The last packet successfully received from the server was 62 milliseconds ago.  The last packet sent successfully to the server was 61 milliseconds ago.
06/12/2013 19:40:34
java.sql.SQLException: Data truncated for column 'urun_durumu' at row 1
07/12/2013 03:38:18
java.lang.NumberFormatException: For input string: " 1"
07/12/2013 03:38:18
java.lang.NumberFormatException: For input string: " 2"
07/12/2013 03:38:18
java.lang.NumberFormatException: For input string: " 3"
07/12/2013 03:38:18
java.lang.NumberFormatException: For input string: " 4"
07/12/2013 03:38:18
java.lang.NumberFormatException: For input string: " 5"
07/12/2013 03:39:44
java.lang.NumberFormatException: For input string: " 1"
07/12/2013 03:39:44
java.lang.NumberFormatException: For input string: " 2"
07/12/2013 03:39:44
java.lang.NumberFormatException: For input string: " 3"
07/12/2013 03:39:44
java.lang.NumberFormatException: For input string: " 4"
07/12/2013 03:39:44
java.lang.NumberFormatException: For input string: " 5"
